Compiling the CXX compiler identification source file "CMakeCXXCompilerId.cpp" failed.
Compiler: C:/Program Files (x86)/GNU Tools ARM Embedded/7 2017-q4-major/bin/arm-none-eabi-g++.exe 
Build flags: 
Id flags:  

The output was:
1
c:/program files (x86)/gnu tools arm embedded/7 2017-q4-major/bin/../lib/gcc/arm-none-eabi/7.2.1/../../../../arm-none-eabi/lib\libc.a(lib_a-exit.o): In function `exit':
exit.c:(.text.exit+0x2c): undefined reference to `_exit'
collect2.exe: error: ld returned 1 exit status


Detecting CXX compiler ABI info failed to compile with the following output:
Change Dir: C:/ti-software/R2D2/Build-environment/modules/BLUETOOTH/build/CMakeFiles/CMakeTmp

Run Build Command:"C:/SysGCC/arm-eabi/bin/make.exe" "cmTC_85661/fast"
C:/SysGCC/arm-eabi/bin/make.exe -f CMakeFiles/cmTC_85661.dir/build.make CMakeFiles/cmTC_85661.dir/build
make.exe[1]: Entering directory `C:/ti-software/R2D2/Build-environment/modules/BLUETOOTH/build/CMakeFiles/CMakeTmp'
The system cannot find the path specified.
make.exe[1]: *** [CMakeFiles/cmTC_85661.dir/CMakeCXXCompilerABI.cpp.obj] Error 1
make.exe[1]: Leaving directory `C:/ti-software/R2D2/Build-environment/modules/BLUETOOTH/build/CMakeFiles/CMakeTmp'
make.exe: *** [cmTC_85661/fast] Error 2



Detecting CXX [-std=c++1z] compiler features failed to compile with the following output:
Change Dir: C:/ti-software/R2D2/Build-environment/modules/BLUETOOTH/build/CMakeFiles/CMakeTmp

Run Build Command:"C:/SysGCC/arm-eabi/bin/make.exe" "cmTC_3c2f7/fast"
C:/SysGCC/arm-eabi/bin/make.exe -f CMakeFiles/cmTC_3c2f7.dir/build.make CMakeFiles/cmTC_3c2f7.dir/build
make.exe[1]: Entering directory `C:/ti-software/R2D2/Build-environment/modules/BLUETOOTH/build/CMakeFiles/CMakeTmp'
The system cannot find the path specified.
make.exe[1]: *** [CMakeFiles/cmTC_3c2f7.dir/feature_tests.cxx.obj] Error 1
make.exe[1]: Leaving directory `C:/ti-software/R2D2/Build-environment/modules/BLUETOOTH/build/CMakeFiles/CMakeTmp'
make.exe: *** [cmTC_3c2f7/fast] Error 2



Compiling the C compiler identification source file "CMakeCCompilerId.c" failed.
Compiler: C:/Program Files (x86)/GNU Tools ARM Embedded/7 2017-q4-major/bin/arm-none-eabi-gcc.exe 
Build flags: 
Id flags:  

The output was:
1
c:/program files (x86)/gnu tools arm embedded/7 2017-q4-major/bin/../lib/gcc/arm-none-eabi/7.2.1/../../../../arm-none-eabi/lib\libc.a(lib_a-exit.o): In function `exit':
exit.c:(.text.exit+0x2c): undefined reference to `_exit'
collect2.exe: error: ld returned 1 exit status


Detecting C compiler ABI info failed to compile with the following output:
Change Dir: C:/ti-software/R2D2/Build-environment/modules/BLUETOOTH/build/CMakeFiles/CMakeTmp

Run Build Command:"C:/SysGCC/arm-eabi/bin/make.exe" "cmTC_6cc5f/fast"
C:/SysGCC/arm-eabi/bin/make.exe -f CMakeFiles/cmTC_6cc5f.dir/build.make CMakeFiles/cmTC_6cc5f.dir/build
make.exe[1]: Entering directory `C:/ti-software/R2D2/Build-environment/modules/BLUETOOTH/build/CMakeFiles/CMakeTmp'
The system cannot find the path specified.
make.exe[1]: *** [CMakeFiles/cmTC_6cc5f.dir/CMakeCCompilerABI.c.obj] Error 1
make.exe[1]: Leaving directory `C:/ti-software/R2D2/Build-environment/modules/BLUETOOTH/build/CMakeFiles/CMakeTmp'
make.exe: *** [cmTC_6cc5f/fast] Error 2



Detecting C [-std=c11] compiler features failed to compile with the following output:
Change Dir: C:/ti-software/R2D2/Build-environment/modules/BLUETOOTH/build/CMakeFiles/CMakeTmp

Run Build Command:"C:/SysGCC/arm-eabi/bin/make.exe" "cmTC_4a139/fast"
C:/SysGCC/arm-eabi/bin/make.exe -f CMakeFiles/cmTC_4a139.dir/build.make CMakeFiles/cmTC_4a139.dir/build
make.exe[1]: Entering directory `C:/ti-software/R2D2/Build-environment/modules/BLUETOOTH/build/CMakeFiles/CMakeTmp'
The system cannot find the path specified.
make.exe[1]: *** [CMakeFiles/cmTC_4a139.dir/feature_tests.c.obj] Error 1
make.exe[1]: Leaving directory `C:/ti-software/R2D2/Build-environment/modules/BLUETOOTH/build/CMakeFiles/CMakeTmp'
make.exe: *** [cmTC_4a139/fast] Error 2



Compiling the CXX compiler identification source file "CMakeCXXCompilerId.cpp" failed.
Compiler: C:/Program Files (x86)/GNU Tools ARM Embedded/7 2017-q4-major/bin/arm-none-eabi-g++.exe 
Build flags: 
Id flags:  

The output was:
1
c:/program files (x86)/gnu tools arm embedded/7 2017-q4-major/bin/../lib/gcc/arm-none-eabi/7.2.1/../../../../arm-none-eabi/lib\libc.a(lib_a-exit.o): In function `exit':
exit.c:(.text.exit+0x2c): undefined reference to `_exit'
collect2.exe: error: ld returned 1 exit status


Detecting CXX compiler ABI info failed to compile with the following output:
Change Dir: C:/ti-software/R2D2/Build-environment/modules/BLUETOOTH/build/CMakeFiles/CMakeTmp

Run Build Command:"C:/SysGCC/arm-eabi/bin/make.exe" "cmTC_10c76/fast"
C:/SysGCC/arm-eabi/bin/make.exe -f CMakeFiles/cmTC_10c76.dir/build.make CMakeFiles/cmTC_10c76.dir/build
make.exe[1]: Entering directory `C:/ti-software/R2D2/Build-environment/modules/BLUETOOTH/build/CMakeFiles/CMakeTmp'
The system cannot find the path specified.
make.exe[1]: *** [CMakeFiles/cmTC_10c76.dir/CMakeCXXCompilerABI.cpp.obj] Error 1
make.exe[1]: Leaving directory `C:/ti-software/R2D2/Build-environment/modules/BLUETOOTH/build/CMakeFiles/CMakeTmp'
make.exe: *** [cmTC_10c76/fast] Error 2



Detecting CXX [-std=c++1z] compiler features failed to compile with the following output:
Change Dir: C:/ti-software/R2D2/Build-environment/modules/BLUETOOTH/build/CMakeFiles/CMakeTmp

Run Build Command:"C:/SysGCC/arm-eabi/bin/make.exe" "cmTC_4f488/fast"
C:/SysGCC/arm-eabi/bin/make.exe -f CMakeFiles/cmTC_4f488.dir/build.make CMakeFiles/cmTC_4f488.dir/build
make.exe[1]: Entering directory `C:/ti-software/R2D2/Build-environment/modules/BLUETOOTH/build/CMakeFiles/CMakeTmp'
The system cannot find the path specified.
make.exe[1]: *** [CMakeFiles/cmTC_4f488.dir/feature_tests.cxx.obj] Error 1
make.exe[1]: Leaving directory `C:/ti-software/R2D2/Build-environment/modules/BLUETOOTH/build/CMakeFiles/CMakeTmp'
make.exe: *** [cmTC_4f488/fast] Error 2



Compiling the C compiler identification source file "CMakeCCompilerId.c" failed.
Compiler: C:/Program Files (x86)/GNU Tools ARM Embedded/7 2017-q4-major/bin/arm-none-eabi-gcc.exe 
Build flags: 
Id flags:  

The output was:
1
c:/program files (x86)/gnu tools arm embedded/7 2017-q4-major/bin/../lib/gcc/arm-none-eabi/7.2.1/../../../../arm-none-eabi/lib\libc.a(lib_a-exit.o): In function `exit':
exit.c:(.text.exit+0x2c): undefined reference to `_exit'
collect2.exe: error: ld returned 1 exit status


Detecting C compiler ABI info failed to compile with the following output:
Change Dir: C:/ti-software/R2D2/Build-environment/modules/BLUETOOTH/build/CMakeFiles/CMakeTmp

Run Build Command:"C:/SysGCC/arm-eabi/bin/make.exe" "cmTC_445ec/fast"
C:/SysGCC/arm-eabi/bin/make.exe -f CMakeFiles/cmTC_445ec.dir/build.make CMakeFiles/cmTC_445ec.dir/build
make.exe[1]: Entering directory `C:/ti-software/R2D2/Build-environment/modules/BLUETOOTH/build/CMakeFiles/CMakeTmp'
The system cannot find the path specified.
make.exe[1]: *** [CMakeFiles/cmTC_445ec.dir/CMakeCCompilerABI.c.obj] Error 1
make.exe[1]: Leaving directory `C:/ti-software/R2D2/Build-environment/modules/BLUETOOTH/build/CMakeFiles/CMakeTmp'
make.exe: *** [cmTC_445ec/fast] Error 2



Detecting C [-std=c11] compiler features failed to compile with the following output:
Change Dir: C:/ti-software/R2D2/Build-environment/modules/BLUETOOTH/build/CMakeFiles/CMakeTmp

Run Build Command:"C:/SysGCC/arm-eabi/bin/make.exe" "cmTC_ce344/fast"
C:/SysGCC/arm-eabi/bin/make.exe -f CMakeFiles/cmTC_ce344.dir/build.make CMakeFiles/cmTC_ce344.dir/build
make.exe[1]: Entering directory `C:/ti-software/R2D2/Build-environment/modules/BLUETOOTH/build/CMakeFiles/CMakeTmp'
The system cannot find the path specified.
make.exe[1]: *** [CMakeFiles/cmTC_ce344.dir/feature_tests.c.obj] Error 1
make.exe[1]: Leaving directory `C:/ti-software/R2D2/Build-environment/modules/BLUETOOTH/build/CMakeFiles/CMakeTmp'
make.exe: *** [cmTC_ce344/fast] Error 2



